This file contains any messages produced by compilers while
running configure, to aid debugging if configure makes a mistake.

It was created by parallel configure 20170122, which was
generated by GNU Autoconf 2.69.  Invocation command line was

  $ ./configure 

## --------- ##
## Platform. ##
## --------- ##

hostname = Franks-MacBook-Pro.local
uname -m = x86_64
uname -r = 16.3.0
uname -s = Darwin
uname -v = Darwin Kernel Version 16.3.0: Thu Nov 17 20:23:58 PST 2016; root:xnu-3789.31.2~1/RELEASE_X86_64

/usr/bin/uname -p = i386
/bin/uname -X     = unknown

/bin/arch              = unknown
/usr/bin/arch -k       = unknown
/usr/convex/getsysinfo = unknown
/usr/bin/hostinfo      = Mach kernel version:
	 Darwin Kernel Version 16.3.0: Thu Nov 17 20:23:58 PST 2016; root:xnu-3789.31.2~1/RELEASE_X86_64
Kernel configured for up to 4 processors.
2 processors are physically available.
4 processors are logically available.
Processor type: x86_64h (Intel x86-64h Haswell)
Processors active: 0 1 2 3
Primary memory available: 8.00 gigabytes
Default processor set: 280 tasks, 1652 threads, 4 processors
Load average: 2.51, Mach factor: 1.47
/bin/machine           = unknown
/usr/bin/oslevel       = unknown
/bin/universe          = unknown

PATH: ~/bin
PATH: /Library/Frameworks/Python.framework/Versions/3.5/bin
PATH: /usr/local/bin
PATH: /usr/bin
PATH: /bin
PATH: /usr/sbin
PATH: /sbin


## ----------- ##
## Core tests. ##
## ----------- ##

configure:1770: checking for a BSD-compatible install
configure:1838: result: /usr/local/bin/ginstall -c
configure:1849: checking whether build environment is sane
configure:1904: result: yes
configure:2055: checking for a thread-safe mkdir -p
configure:2094: result: /usr/local/bin/gmkdir -p
configure:2101: checking for gawk
configure:2131: result: no
configure:2101: checking for mawk
configure:2131: result: no
configure:2101: checking for nawk
configure:2131: result: no
configure:2101: checking for awk
configure:2117: found /usr/bin/awk
configure:2128: result: awk
configure:2139: checking whether make sets $(MAKE)
configure:2161: result: yes
configure:2190: checking whether make supports nested variables
configure:2207: result: yes
configure:2353: checking whether ln -s works
configure:2357: result: yes
configure:2473: checking that generated files are newer than configure
configure:2479: result: done
configure:2491: creating ./config.status

## ---------------------- ##
## Running config.status. ##
## ---------------------- ##

This file was extended by parallel config.status 20170122, which was
generated by GNU Autoconf 2.69.  Invocation command line was

  CONFIG_FILES    = 
  CONFIG_HEADERS  = 
  CONFIG_LINKS    = 
  CONFIG_COMMANDS = 
  $ ./config.status 

on Franks-MacBook-Pro.local

config.status:814: creating Makefile
config.status:814: creating src/Makefile
config.status:814: creating config.h

## ---------------- ##
## Cache variables. ##
## ---------------- ##

ac_cv_env_build_alias_set=
ac_cv_env_build_alias_value=
ac_cv_env_host_alias_set=
ac_cv_env_host_alias_value=
ac_cv_env_target_alias_set=
ac_cv_env_target_alias_value=
ac_cv_path_install='/usr/local/bin/ginstall -c'
ac_cv_path_mkdir=/usr/local/bin/gmkdir
ac_cv_prog_AWK=awk
ac_cv_prog_make_make_set=yes
am_cv_make_support_nested_variables=yes

## ----------------- ##
## Output variables. ##
## ----------------- ##

ACLOCAL='${SHELL} /Users/frankryan/projects/CRMTool/ClientManagementEmails/bin/parallel-20170122/missing aclocal-1.15'
AMTAR='$${TAR-tar}'
AM_BACKSLASH='\'
AM_DEFAULT_V='$(AM_DEFAULT_VERBOSITY)'
AM_DEFAULT_VERBOSITY='1'
AM_V='$(V)'
AUTOCONF='${SHELL} /Users/frankryan/projects/CRMTool/ClientManagementEmails/bin/parallel-20170122/missing autoconf'
AUTOHEADER='${SHELL} /Users/frankryan/projects/CRMTool/ClientManagementEmails/bin/parallel-20170122/missing autoheader'
AUTOMAKE='${SHELL} /Users/frankryan/projects/CRMTool/ClientManagementEmails/bin/parallel-20170122/missing automake-1.15'
AWK='awk'
CYGPATH_W='echo'
DEFS='-DHAVE_CONFIG_H'
DOCUMENTATION_FALSE='#'
DOCUMENTATION_TRUE=''
ECHO_C='\c'
ECHO_N=''
ECHO_T=''
INSTALL_DATA='${INSTALL} -m 644'
INSTALL_PROGRAM='${INSTALL}'
INSTALL_SCRIPT='${INSTALL}'
INSTALL_STRIP_PROGRAM='$(install_sh) -c -s'
LIBOBJS=''
LIBS=''
LN_S='ln -s'
LTLIBOBJS=''
MAKEINFO='${SHELL} /Users/frankryan/projects/CRMTool/ClientManagementEmails/bin/parallel-20170122/missing makeinfo'
MKDIR_P='/usr/local/bin/gmkdir -p'
PACKAGE='parallel'
PACKAGE_BUGREPORT='bug-parallel@gnu.org'
PACKAGE_NAME='parallel'
PACKAGE_STRING='parallel 20170122'
PACKAGE_TARNAME='parallel'
PACKAGE_URL=''
PACKAGE_VERSION='20170122'
PATH_SEPARATOR=':'
SET_MAKE=''
SHELL='/bin/sh'
STRIP=''
VERSION='20170122'
am__isrc=''
am__leading_dot='.'
am__tar='$${TAR-tar} chof - "$$tardir"'
am__untar='$${TAR-tar} xf -'
bindir='${exec_prefix}/bin'
build_alias=''
datadir='${datarootdir}'
datarootdir='${prefix}/share'
docdir='${datarootdir}/doc/${PACKAGE_TARNAME}'
dvidir='${docdir}'
exec_prefix='${prefix}'
host_alias=''
htmldir='${docdir}'
includedir='${prefix}/include'
infodir='${datarootdir}/info'
install_sh='${SHELL} /Users/frankryan/projects/CRMTool/ClientManagementEmails/bin/parallel-20170122/install-sh'
libdir='${exec_prefix}/lib'
libexecdir='${exec_prefix}/libexec'
localedir='${datarootdir}/locale'
localstatedir='${prefix}/var'
mandir='${datarootdir}/man'
mkdir_p='$(MKDIR_P)'
oldincludedir='/usr/include'
pdfdir='${docdir}'
prefix='/usr/local'
program_transform_name='s,x,x,'
psdir='${docdir}'
runstatedir='${localstatedir}/run'
sbindir='${exec_prefix}/sbin'
sharedstatedir='${prefix}/com'
sysconfdir='${prefix}/etc'
target_alias=''

## ----------- ##
## confdefs.h. ##
## ----------- ##

/* confdefs.h */
#define PACKAGE_NAME "parallel"
#define PACKAGE_TARNAME "parallel"
#define PACKAGE_VERSION "20170122"
#define PACKAGE_STRING "parallel 20170122"
#define PACKAGE_BUGREPORT "bug-parallel@gnu.org"
#define PACKAGE_URL ""
#define PACKAGE "parallel"
#define VERSION "20170122"

configure: exit 0
